<?xml version="1.0" encoding="UTF-8"?>
<!-- Generated by org.testng.reporters.JUnitReportReporter -->
<testsuite hostname="VBX00977" name="com.qa.ltcdigital.storefrontqadynamic.testrunner.TestRunner" tests="1" failures="0" timestamp="28 Jan 2021 04:29:20 GMT" time="56.692" errors="0">
  <testcase name="runScenario" time="56.692" classname="com.qa.ltcdigital.storefrontqadynamic.testrunner.TestRunner"/>
</testsuite> <!-- com.qa.ltcdigital.storefrontqadynamic.testrunner.TestRunner -->
