<?xml version="1.0" encoding="UTF-8"?>
<testsuite xmlns:xsi="http://www.w3.org/2001/XMLSchema-instance" xsi:noNamespaceSchemaLocation="https://maven.apache.org/surefire/maven-surefire-plugin/xsd/surefire-test-report-3.0.xsd" version="3.0" name="TestSuite" time="62.466" tests="1" errors="0" skipped="0" failures="0">
  <properties>
    <property name="sun.desktop" value="windows"/>
    <property name="awt.toolkit" value="sun.awt.windows.WToolkit"/>
    <property name="file.encoding.pkg" value="sun.io"/>
    <property name="java.specification.version" value="1.8"/>
    <property name="webdriver.chrome.driver" value="C:\Eclipse Workspace\Workspace007\LTC-Digital-Storefront-QA-Dynamic\src\test\resources\drivers\chromedriver.exe"/>
    <property name="sun.cpu.isalist" value="amd64"/>
    <property name="sun.jnu.encoding" value="Cp1252"/>
    <property name="java.class.path" value="C:\Eclipse Workspace\Workspace007\LTC-Digital-Storefront-QA-Dynamic\target\test-classes;C:\Eclipse Workspace\Workspace007\LTC-Digital-Storefront-QA-Dynamic\target\classes;C:\Users\ghsouma.MLIDDOMAIN1\.m2\repository\io\cucumber\cucumber-jvm-deps\1.0.6\cucumber-jvm-deps-1.0.6.jar;C:\Users\ghsouma.MLIDDOMAIN1\.m2\repository\io\cucumber\cucumber-core\6.8.1\cucumber-core-6.8.1.jar;C:\Users\ghsouma.MLIDDOMAIN1\.m2\repository\io\cucumber\cucumber-gherkin\6.8.1\cucumber-gherkin-6.8.1.jar;C:\Users\ghsouma.MLIDDOMAIN1\.m2\repository\io\cucumber\cucumber-gherkin-messages\6.8.1\cucumber-gherkin-messages-6.8.1.jar;C:\Users\ghsouma.MLIDDOMAIN1\.m2\repository\io\cucumber\messages\13.1.0\messages-13.1.0.jar;C:\Users\ghsouma.MLIDDOMAIN1\.m2\repository\io\cucumber\tag-expressions\3.0.0\tag-expressions-3.0.0.jar;C:\Users\ghsouma.MLIDDOMAIN1\.m2\repository\io\cucumber\cucumber-plugin\6.8.1\cucumber-plugin-6.8.1.jar;C:\Users\ghsouma.MLIDDOMAIN1\.m2\repository\io\cucumber\docstring\6.8.1\docstring-6.8.1.jar;C:\Users\ghsouma.MLIDDOMAIN1\.m2\repository\io\cucumber\html-formatter\9.0.0\html-formatter-9.0.0.jar;C:\Users\ghsouma.MLIDDOMAIN1\.m2\repository\io\cucumber\create-meta\2.0.2\create-meta-2.0.2.jar;C:\Users\ghsouma.MLIDDOMAIN1\.m2\repository\org\apiguardian\apiguardian-api\1.1.0\apiguardian-api-1.1.0.jar;C:\Users\ghsouma.MLIDDOMAIN1\.m2\repository\io\cucumber\cucumber-java\6.8.1\cucumber-java-6.8.1.jar;C:\Users\ghsouma.MLIDDOMAIN1\.m2\repository\io\cucumber\cucumber-testng\6.8.1\cucumber-testng-6.8.1.jar;C:\Users\ghsouma.MLIDDOMAIN1\.m2\repository\io\cucumber\datatable\3.5.0\datatable-3.5.0.jar;C:\Users\ghsouma.MLIDDOMAIN1\.m2\repository\io\cucumber\cucumber-expressions\10.3.0\cucumber-expressions-10.3.0.jar;C:\Users\ghsouma.MLIDDOMAIN1\.m2\repository\org\codehaus\plexus\plexus-utils\3.0.1\plexus-utils-3.0.1.jar;C:\Users\ghsouma.MLIDDOMAIN1\.m2\repository\org\apache\maven\maven-plugin-api\2.0\maven-plugin-api-2.0.jar;C:\Users\ghsouma.MLIDDOMAIN1\.m2\repository\org\apache\maven\reporting\maven-reporting-api\2.0.8\maven-reporting-api-2.0.8.jar;C:\Users\ghsouma.MLIDDOMAIN1\.m2\repository\org\apache\maven\doxia\doxia-sink-api\1.0-alpha-9\doxia-sink-api-1.0-alpha-9.jar;C:\Users\ghsouma.MLIDDOMAIN1\.m2\repository\org\apache\maven\reporting\maven-reporting-impl\2.0.4.3\maven-reporting-impl-2.0.4.3.jar;C:\Users\ghsouma.MLIDDOMAIN1\.m2\repository\org\apache\maven\maven-project\2.0.4\maven-project-2.0.4.jar;C:\Users\ghsouma.MLIDDOMAIN1\.m2\repository\org\apache\maven\maven-settings\2.0.4\maven-settings-2.0.4.jar;C:\Users\ghsouma.MLIDDOMAIN1\.m2\repository\org\apache\maven\maven-profile\2.0.4\maven-profile-2.0.4.jar;C:\Users\ghsouma.MLIDDOMAIN1\.m2\repository\org\apache\maven\maven-model\2.0.4\maven-model-2.0.4.jar;C:\Users\ghsouma.MLIDDOMAIN1\.m2\repository\org\apache\maven\maven-artifact-manager\2.0.4\maven-artifact-manager-2.0.4.jar;C:\Users\ghsouma.MLIDDOMAIN1\.m2\repository\org\apache\maven\maven-repository-metadata\2.0.4\maven-repository-metadata-2.0.4.jar;C:\Users\ghsouma.MLIDDOMAIN1\.m2\repository\org\apache\maven\wagon\wagon-provider-api\1.0-alpha-6\wagon-provider-api-1.0-alpha-6.jar;C:\Users\ghsouma.MLIDDOMAIN1\.m2\repository\org\apache\maven\maven-artifact\2.0.4\maven-artifact-2.0.4.jar;C:\Users\ghsouma.MLIDDOMAIN1\.m2\repository\org\codehaus\plexus\plexus-container-default\1.0-alpha-9\plexus-container-default-1.0-alpha-9.jar;C:\Users\ghsouma.MLIDDOMAIN1\.m2\repository\junit\junit\3.8.1\junit-3.8.1.jar;C:\Users\ghsouma.MLIDDOMAIN1\.m2\repository\classworlds\classworlds\1.1-alpha-2\classworlds-1.1-alpha-2.jar;C:\Users\ghsouma.MLIDDOMAIN1\.m2\repository\org\apache\maven\doxia\doxia-core\1.0\doxia-core-1.0.jar;C:\Users\ghsouma.MLIDDOMAIN1\.m2\repository\org\apache\maven\doxia\doxia-site-renderer\1.0\doxia-site-renderer-1.0.jar;C:\Users\ghsouma.MLIDDOMAIN1\.m2\repository\org\codehaus\plexus\plexus-i18n\1.0-beta-7\plexus-i18n-1.0-beta-7.jar;C:\Users\ghsouma.MLIDDOMAIN1\.m2\repository\org\codehaus\plexus\plexus-velocity\1.1.7\plexus-velocity-1.1.7.jar;C:\Users\ghsouma.MLIDDOMAIN1\.m2\repository\org\apache\velocity\velocity\1.5\velocity-1.5.jar;C:\Users\ghsouma.MLIDDOMAIN1\.m2\repository\commons-lang\commons-lang\2.1\commons-lang-2.1.jar;C:\Users\ghsouma.MLIDDOMAIN1\.m2\repository\org\apache\maven\doxia\doxia-decoration-model\1.0\doxia-decoration-model-1.0.jar;C:\Users\ghsouma.MLIDDOMAIN1\.m2\repository\commons-collections\commons-collections\3.2\commons-collections-3.2.jar;C:\Users\ghsouma.MLIDDOMAIN1\.m2\repository\org\apache\maven\doxia\doxia-module-apt\1.0\doxia-module-apt-1.0.jar;C:\Users\ghsouma.MLIDDOMAIN1\.m2\repository\org\apache\maven\doxia\doxia-module-fml\1.0\doxia-module-fml-1.0.jar;C:\Users\ghsouma.MLIDDOMAIN1\.m2\repository\org\apache\maven\doxia\doxia-module-xdoc\1.0\doxia-module-xdoc-1.0.jar;C:\Users\ghsouma.MLIDDOMAIN1\.m2\repository\org\apache\maven\doxia\doxia-module-xhtml\1.0\doxia-module-xhtml-1.0.jar;C:\Users\ghsouma.MLIDDOMAIN1\.m2\repository\commons-validator\commons-validator\1.2.0\commons-validator-1.2.0.jar;C:\Users\ghsouma.MLIDDOMAIN1\.m2\repository\commons-beanutils\commons-beanutils\1.7.0\commons-beanutils-1.7.0.jar;C:\Users\ghsouma.MLIDDOMAIN1\.m2\repository\commons-digester\commons-digester\1.6\commons-digester-1.6.jar;C:\Users\ghsouma.MLIDDOMAIN1\.m2\repository\oro\oro\2.0.8\oro-2.0.8.jar;C:\Users\ghsouma.MLIDDOMAIN1\.m2\repository\xml-apis\xml-apis\1.0.b2\xml-apis-1.0.b2.jar;C:\Users\ghsouma.MLIDDOMAIN1\.m2\repository\org\apache\maven\shared\maven-doxia-tools\1.0.2\maven-doxia-tools-1.0.2.jar;C:\Users\ghsouma.MLIDDOMAIN1\.m2\repository\org\seleniumhq\selenium\selenium-java\3.7.1\selenium-java-3.7.1.jar;C:\Users\ghsouma.MLIDDOMAIN1\.m2\repository\org\seleniumhq\selenium\selenium-api\3.7.1\selenium-api-3.7.1.jar;C:\Users\ghsouma.MLIDDOMAIN1\.m2\repository\org\seleniumhq\selenium\selenium-chrome-driver\3.7.1\selenium-chrome-driver-3.7.1.jar;C:\Users\ghsouma.MLIDDOMAIN1\.m2\repository\org\seleniumhq\selenium\selenium-edge-driver\3.7.1\selenium-edge-driver-3.7.1.jar;C:\Users\ghsouma.MLIDDOMAIN1\.m2\repository\org\seleniumhq\selenium\selenium-firefox-driver\3.7.1\selenium-firefox-driver-3.7.1.jar;C:\Users\ghsouma.MLIDDOMAIN1\.m2\repository\org\seleniumhq\selenium\selenium-ie-driver\3.7.1\selenium-ie-driver-3.7.1.jar;C:\Users\ghsouma.MLIDDOMAIN1\.m2\repository\org\seleniumhq\selenium\selenium-opera-driver\3.7.1\selenium-opera-driver-3.7.1.jar;C:\Users\ghsouma.MLIDDOMAIN1\.m2\repository\org\seleniumhq\selenium\selenium-remote-driver\3.7.1\selenium-remote-driver-3.7.1.jar;C:\Users\ghsouma.MLIDDOMAIN1\.m2\repository\org\seleniumhq\selenium\selenium-safari-driver\3.7.1\selenium-safari-driver-3.7.1.jar;C:\Users\ghsouma.MLIDDOMAIN1\.m2\repository\org\seleniumhq\selenium\selenium-support\3.7.1\selenium-support-3.7.1.jar;C:\Users\ghsouma.MLIDDOMAIN1\.m2\repository\net\bytebuddy\byte-buddy\1.7.5\byte-buddy-1.7.5.jar;C:\Users\ghsouma.MLIDDOMAIN1\.m2\repository\org\apache\commons\commons-exec\1.3\commons-exec-1.3.jar;C:\Users\ghsouma.MLIDDOMAIN1\.m2\repository\commons-codec\commons-codec\1.10\commons-codec-1.10.jar;C:\Users\ghsouma.MLIDDOMAIN1\.m2\repository\commons-logging\commons-logging\1.2\commons-logging-1.2.jar;C:\Users\ghsouma.MLIDDOMAIN1\.m2\repository\com\google\code\gson\gson\2.8.2\gson-2.8.2.jar;C:\Users\ghsouma.MLIDDOMAIN1\.m2\repository\com\google\guava\guava\23.0\guava-23.0.jar;C:\Users\ghsouma.MLIDDOMAIN1\.m2\repository\com\google\code\findbugs\jsr305\1.3.9\jsr305-1.3.9.jar;C:\Users\ghsouma.MLIDDOMAIN1\.m2\repository\com\google\errorprone\error_prone_annotations\2.0.18\error_prone_annotations-2.0.18.jar;C:\Users\ghsouma.MLIDDOMAIN1\.m2\repository\com\google\j2objc\j2objc-annotations\1.1\j2objc-annotations-1.1.jar;C:\Users\ghsouma.MLIDDOMAIN1\.m2\repository\org\codehaus\mojo\animal-sniffer-annotations\1.14\animal-sniffer-annotations-1.14.jar;C:\Users\ghsouma.MLIDDOMAIN1\.m2\repository\org\apache\httpcomponents\httpclient\4.5.3\httpclient-4.5.3.jar;C:\Users\ghsouma.MLIDDOMAIN1\.m2\repository\org\apache\httpcomponents\httpcore\4.4.6\httpcore-4.4.6.jar;C:\Users\ghsouma.MLIDDOMAIN1\.m2\repository\org\testng\testng\6.9.10\testng-6.9.10.jar;C:\Users\ghsouma.MLIDDOMAIN1\.m2\repository\com\beust\jcommander\1.48\jcommander-1.48.jar;C:\Users\ghsouma.MLIDDOMAIN1\.m2\repository\org\beanshell\bsh\2.0b4\bsh-2.0b4.jar;C:\Users\ghsouma.MLIDDOMAIN1\.m2\repository\log4j\log4j\1.2.17\log4j-1.2.17.jar;C:\Users\ghsouma.MLIDDOMAIN1\.m2\repository\commons-io\commons-io\1.4\commons-io-1.4.jar;C:\Users\ghsouma.MLIDDOMAIN1\.m2\repository\org\apache\poi\poi\4.1.2\poi-4.1.2.jar;C:\Users\ghsouma.MLIDDOMAIN1\.m2\repository\org\apache\commons\commons-collections4\4.4\commons-collections4-4.4.jar;C:\Users\ghsouma.MLIDDOMAIN1\.m2\repository\org\apache\commons\commons-math3\3.6.1\commons-math3-3.6.1.jar;C:\Users\ghsouma.MLIDDOMAIN1\.m2\repository\com\zaxxer\SparseBitSet\1.2\SparseBitSet-1.2.jar;C:\Users\ghsouma.MLIDDOMAIN1\.m2\repository\org\apache\poi\poi-ooxml\4.1.2\poi-ooxml-4.1.2.jar;C:\Users\ghsouma.MLIDDOMAIN1\.m2\repository\org\apache\poi\poi-ooxml-schemas\4.1.2\poi-ooxml-schemas-4.1.2.jar;C:\Users\ghsouma.MLIDDOMAIN1\.m2\repository\org\apache\xmlbeans\xmlbeans\3.1.0\xmlbeans-3.1.0.jar;C:\Users\ghsouma.MLIDDOMAIN1\.m2\repository\org\apache\commons\commons-compress\1.19\commons-compress-1.19.jar;C:\Users\ghsouma.MLIDDOMAIN1\.m2\repository\com\github\virtuald\curvesapi\1.06\curvesapi-1.06.jar;C:\Users\ghsouma.MLIDDOMAIN1\.m2\repository\com\aventstack\extentreports\5.0.6\extentreports-5.0.6.jar;C:\Users\ghsouma.MLIDDOMAIN1\.m2\repository\io\reactivex\rxjava3\rxjava\3.0.4\rxjava-3.0.4.jar;C:\Users\ghsouma.MLIDDOMAIN1\.m2\repository\org\reactivestreams\reactive-streams\1.0.3\reactive-streams-1.0.3.jar;C:\Users\ghsouma.MLIDDOMAIN1\.m2\repository\org\freemarker\freemarker\2.3.30\freemarker-2.3.30.jar;C:\Users\ghsouma.MLIDDOMAIN1\.m2\repository\org\projectlombok\lombok\1.18.12\lombok-1.18.12.jar;C:\Users\ghsouma.MLIDDOMAIN1\.m2\repository\org\mongodb\mongodb-driver\3.12.7\mongodb-driver-3.12.7.jar;C:\Users\ghsouma.MLIDDOMAIN1\.m2\repository\org\mongodb\bson\3.12.7\bson-3.12.7.jar;C:\Users\ghsouma.MLIDDOMAIN1\.m2\repository\org\mongodb\mongodb-driver-core\3.12.7\mongodb-driver-core-3.12.7.jar;C:\Users\ghsouma.MLIDDOMAIN1\.m2\repository\com\aventstack\klov-reporter\5.0.6\klov-reporter-5.0.6.jar;C:\Users\ghsouma.MLIDDOMAIN1\.m2\repository\org\apache\httpcomponents\httpmime\4.5.2\httpmime-4.5.2.jar;C:\Users\ghsouma.MLIDDOMAIN1\.m2\repository\com\fasterxml\jackson\core\jackson-core\2.9.8\jackson-core-2.9.8.jar;C:\Users\ghsouma.MLIDDOMAIN1\.m2\repository\com\fasterxml\jackson\core\jackson-annotations\2.11.1\jackson-annotations-2.11.1.jar;C:\Users\ghsouma.MLIDDOMAIN1\.m2\repository\com\fasterxml\jackson\core\jackson-databind\2.11.1\jackson-databind-2.11.1.jar;C:\Users\ghsouma.MLIDDOMAIN1\.m2\repository\grasshopper\extentreports-cucumber6-adapter-2.6.0.jar;C:\Users\ghsouma.MLIDDOMAIN1\.m2\repository\grasshopper\extent-pdf-report-1.5.0.jar;C:\Users\ghsouma.MLIDDOMAIN1\.m2\repository\io\cucumber\cucumber-picocontainer\6.8.1\cucumber-picocontainer-6.8.1.jar;C:\Users\ghsouma.MLIDDOMAIN1\.m2\repository\org\picocontainer\picocontainer\2.15\picocontainer-2.15.jar;"/>
    <property name="java.vm.vendor" value="Oracle Corporation"/>
    <property name="sun.arch.data.model" value="64"/>
    <property name="user.variant" value=""/>
    <property name="java.vendor.url" value="http://java.oracle.com/"/>
    <property name="user.timezone" value="America/New_York"/>
    <property name="java.vm.specification.version" value="1.8"/>
    <property name="os.name" value="Windows 10"/>
    <property name="user.country" value="US"/>
    <property name="sun.java.launcher" value="SUN_STANDARD"/>
    <property name="sun.boot.library.path" value="C:\jdk1.8.0_121\jre\bin"/>
    <property name="sun.java.command" value="C:\Users\ghsouma.MLIDDOMAIN1\AppData\Local\Temp\surefire3909859662458776306\surefirebooter7023499560681691803.jar C:\Users\ghsouma.MLIDDOMAIN1\AppData\Local\Temp\surefire3909859662458776306 2021-01-27T23-28-09_545-jvmRun1 surefire6193725160487181762tmp surefire_03041033329690779152tmp"/>
    <property name="surefire.test.class.path" value="C:\Eclipse Workspace\Workspace007\LTC-Digital-Storefront-QA-Dynamic\target\test-classes;C:\Eclipse Workspace\Workspace007\LTC-Digital-Storefront-QA-Dynamic\target\classes;C:\Users\ghsouma.MLIDDOMAIN1\.m2\repository\io\cucumber\cucumber-jvm-deps\1.0.6\cucumber-jvm-deps-1.0.6.jar;C:\Users\ghsouma.MLIDDOMAIN1\.m2\repository\io\cucumber\cucumber-core\6.8.1\cucumber-core-6.8.1.jar;C:\Users\ghsouma.MLIDDOMAIN1\.m2\repository\io\cucumber\cucumber-gherkin\6.8.1\cucumber-gherkin-6.8.1.jar;C:\Users\ghsouma.MLIDDOMAIN1\.m2\repository\io\cucumber\cucumber-gherkin-messages\6.8.1\cucumber-gherkin-messages-6.8.1.jar;C:\Users\ghsouma.MLIDDOMAIN1\.m2\repository\io\cucumber\messages\13.1.0\messages-13.1.0.jar;C:\Users\ghsouma.MLIDDOMAIN1\.m2\repository\io\cucumber\tag-expressions\3.0.0\tag-expressions-3.0.0.jar;C:\Users\ghsouma.MLIDDOMAIN1\.m2\repository\io\cucumber\cucumber-plugin\6.8.1\cucumber-plugin-6.8.1.jar;C:\Users\ghsouma.MLIDDOMAIN1\.m2\repository\io\cucumber\docstring\6.8.1\docstring-6.8.1.jar;C:\Users\ghsouma.MLIDDOMAIN1\.m2\repository\io\cucumber\html-formatter\9.0.0\html-formatter-9.0.0.jar;C:\Users\ghsouma.MLIDDOMAIN1\.m2\repository\io\cucumber\create-meta\2.0.2\create-meta-2.0.2.jar;C:\Users\ghsouma.MLIDDOMAIN1\.m2\repository\org\apiguardian\apiguardian-api\1.1.0\apiguardian-api-1.1.0.jar;C:\Users\ghsouma.MLIDDOMAIN1\.m2\repository\io\cucumber\cucumber-java\6.8.1\cucumber-java-6.8.1.jar;C:\Users\ghsouma.MLIDDOMAIN1\.m2\repository\io\cucumber\cucumber-testng\6.8.1\cucumber-testng-6.8.1.jar;C:\Users\ghsouma.MLIDDOMAIN1\.m2\repository\io\cucumber\datatable\3.5.0\datatable-3.5.0.jar;C:\Users\ghsouma.MLIDDOMAIN1\.m2\repository\io\cucumber\cucumber-expressions\10.3.0\cucumber-expressions-10.3.0.jar;C:\Users\ghsouma.MLIDDOMAIN1\.m2\repository\org\codehaus\plexus\plexus-utils\3.0.1\plexus-utils-3.0.1.jar;C:\Users\ghsouma.MLIDDOMAIN1\.m2\repository\org\apache\maven\maven-plugin-api\2.0\maven-plugin-api-2.0.jar;C:\Users\ghsouma.MLIDDOMAIN1\.m2\repository\org\apache\maven\reporting\maven-reporting-api\2.0.8\maven-reporting-api-2.0.8.jar;C:\Users\ghsouma.MLIDDOMAIN1\.m2\repository\org\apache\maven\doxia\doxia-sink-api\1.0-alpha-9\doxia-sink-api-1.0-alpha-9.jar;C:\Users\ghsouma.MLIDDOMAIN1\.m2\repository\org\apache\maven\reporting\maven-reporting-impl\2.0.4.3\maven-reporting-impl-2.0.4.3.jar;C:\Users\ghsouma.MLIDDOMAIN1\.m2\repository\org\apache\maven\maven-project\2.0.4\maven-project-2.0.4.jar;C:\Users\ghsouma.MLIDDOMAIN1\.m2\repository\org\apache\maven\maven-settings\2.0.4\maven-settings-2.0.4.jar;C:\Users\ghsouma.MLIDDOMAIN1\.m2\repository\org\apache\maven\maven-profile\2.0.4\maven-profile-2.0.4.jar;C:\Users\ghsouma.MLIDDOMAIN1\.m2\repository\org\apache\maven\maven-model\2.0.4\maven-model-2.0.4.jar;C:\Users\ghsouma.MLIDDOMAIN1\.m2\repository\org\apache\maven\maven-artifact-manager\2.0.4\maven-artifact-manager-2.0.4.jar;C:\Users\ghsouma.MLIDDOMAIN1\.m2\repository\org\apache\maven\maven-repository-metadata\2.0.4\maven-repository-metadata-2.0.4.jar;C:\Users\ghsouma.MLIDDOMAIN1\.m2\repository\org\apache\maven\wagon\wagon-provider-api\1.0-alpha-6\wagon-provider-api-1.0-alpha-6.jar;C:\Users\ghsouma.MLIDDOMAIN1\.m2\repository\org\apache\maven\maven-artifact\2.0.4\maven-artifact-2.0.4.jar;C:\Users\ghsouma.MLIDDOMAIN1\.m2\repository\org\codehaus\plexus\plexus-container-default\1.0-alpha-9\plexus-container-default-1.0-alpha-9.jar;C:\Users\ghsouma.MLIDDOMAIN1\.m2\repository\junit\junit\3.8.1\junit-3.8.1.jar;C:\Users\ghsouma.MLIDDOMAIN1\.m2\repository\classworlds\classworlds\1.1-alpha-2\classworlds-1.1-alpha-2.jar;C:\Users\ghsouma.MLIDDOMAIN1\.m2\repository\org\apache\maven\doxia\doxia-core\1.0\doxia-core-1.0.jar;C:\Users\ghsouma.MLIDDOMAIN1\.m2\repository\org\apache\maven\doxia\doxia-site-renderer\1.0\doxia-site-renderer-1.0.jar;C:\Users\ghsouma.MLIDDOMAIN1\.m2\repository\org\codehaus\plexus\plexus-i18n\1.0-beta-7\plexus-i18n-1.0-beta-7.jar;C:\Users\ghsouma.MLIDDOMAIN1\.m2\repository\org\codehaus\plexus\plexus-velocity\1.1.7\plexus-velocity-1.1.7.jar;C:\Users\ghsouma.MLIDDOMAIN1\.m2\repository\org\apache\velocity\velocity\1.5\velocity-1.5.jar;C:\Users\ghsouma.MLIDDOMAIN1\.m2\repository\commons-lang\commons-lang\2.1\commons-lang-2.1.jar;C:\Users\ghsouma.MLIDDOMAIN1\.m2\repository\org\apache\maven\doxia\doxia-decoration-model\1.0\doxia-decoration-model-1.0.jar;C:\Users\ghsouma.MLIDDOMAIN1\.m2\repository\commons-collections\commons-collections\3.2\commons-collections-3.2.jar;C:\Users\ghsouma.MLIDDOMAIN1\.m2\repository\org\apache\maven\doxia\doxia-module-apt\1.0\doxia-module-apt-1.0.jar;C:\Users\ghsouma.MLIDDOMAIN1\.m2\repository\org\apache\maven\doxia\doxia-module-fml\1.0\doxia-module-fml-1.0.jar;C:\Users\ghsouma.MLIDDOMAIN1\.m2\repository\org\apache\maven\doxia\doxia-module-xdoc\1.0\doxia-module-xdoc-1.0.jar;C:\Users\ghsouma.MLIDDOMAIN1\.m2\repository\org\apache\maven\doxia\doxia-module-xhtml\1.0\doxia-module-xhtml-1.0.jar;C:\Users\ghsouma.MLIDDOMAIN1\.m2\repository\commons-validator\commons-validator\1.2.0\commons-validator-1.2.0.jar;C:\Users\ghsouma.MLIDDOMAIN1\.m2\repository\commons-beanutils\commons-beanutils\1.7.0\commons-beanutils-1.7.0.jar;C:\Users\ghsouma.MLIDDOMAIN1\.m2\repository\commons-digester\commons-digester\1.6\commons-digester-1.6.jar;C:\Users\ghsouma.MLIDDOMAIN1\.m2\repository\oro\oro\2.0.8\oro-2.0.8.jar;C:\Users\ghsouma.MLIDDOMAIN1\.m2\repository\xml-apis\xml-apis\1.0.b2\xml-apis-1.0.b2.jar;C:\Users\ghsouma.MLIDDOMAIN1\.m2\repository\org\apache\maven\shared\maven-doxia-tools\1.0.2\maven-doxia-tools-1.0.2.jar;C:\Users\ghsouma.MLIDDOMAIN1\.m2\repository\org\seleniumhq\selenium\selenium-java\3.7.1\selenium-java-3.7.1.jar;C:\Users\ghsouma.MLIDDOMAIN1\.m2\repository\org\seleniumhq\selenium\selenium-api\3.7.1\selenium-api-3.7.1.jar;C:\Users\ghsouma.MLIDDOMAIN1\.m2\repository\org\seleniumhq\selenium\selenium-chrome-driver\3.7.1\selenium-chrome-driver-3.7.1.jar;C:\Users\ghsouma.MLIDDOMAIN1\.m2\repository\org\seleniumhq\selenium\selenium-edge-driver\3.7.1\selenium-edge-driver-3.7.1.jar;C:\Users\ghsouma.MLIDDOMAIN1\.m2\repository\org\seleniumhq\selenium\selenium-firefox-driver\3.7.1\selenium-firefox-driver-3.7.1.jar;C:\Users\ghsouma.MLIDDOMAIN1\.m2\repository\org\seleniumhq\selenium\selenium-ie-driver\3.7.1\selenium-ie-driver-3.7.1.jar;C:\Users\ghsouma.MLIDDOMAIN1\.m2\repository\org\seleniumhq\selenium\selenium-opera-driver\3.7.1\selenium-opera-driver-3.7.1.jar;C:\Users\ghsouma.MLIDDOMAIN1\.m2\repository\org\seleniumhq\selenium\selenium-remote-driver\3.7.1\selenium-remote-driver-3.7.1.jar;C:\Users\ghsouma.MLIDDOMAIN1\.m2\repository\org\seleniumhq\selenium\selenium-safari-driver\3.7.1\selenium-safari-driver-3.7.1.jar;C:\Users\ghsouma.MLIDDOMAIN1\.m2\repository\org\seleniumhq\selenium\selenium-support\3.7.1\selenium-support-3.7.1.jar;C:\Users\ghsouma.MLIDDOMAIN1\.m2\repository\net\bytebuddy\byte-buddy\1.7.5\byte-buddy-1.7.5.jar;C:\Users\ghsouma.MLIDDOMAIN1\.m2\repository\org\apache\commons\commons-exec\1.3\commons-exec-1.3.jar;C:\Users\ghsouma.MLIDDOMAIN1\.m2\repository\commons-codec\commons-codec\1.10\commons-codec-1.10.jar;C:\Users\ghsouma.MLIDDOMAIN1\.m2\repository\commons-logging\commons-logging\1.2\commons-logging-1.2.jar;C:\Users\ghsouma.MLIDDOMAIN1\.m2\repository\com\google\code\gson\gson\2.8.2\gson-2.8.2.jar;C:\Users\ghsouma.MLIDDOMAIN1\.m2\repository\com\google\guava\guava\23.0\guava-23.0.jar;C:\Users\ghsouma.MLIDDOMAIN1\.m2\repository\com\google\code\findbugs\jsr305\1.3.9\jsr305-1.3.9.jar;C:\Users\ghsouma.MLIDDOMAIN1\.m2\repository\com\google\errorprone\error_prone_annotations\2.0.18\error_prone_annotations-2.0.18.jar;C:\Users\ghsouma.MLIDDOMAIN1\.m2\repository\com\google\j2objc\j2objc-annotations\1.1\j2objc-annotations-1.1.jar;C:\Users\ghsouma.MLIDDOMAIN1\.m2\repository\org\codehaus\mojo\animal-sniffer-annotations\1.14\animal-sniffer-annotations-1.14.jar;C:\Users\ghsouma.MLIDDOMAIN1\.m2\repository\org\apache\httpcomponents\httpclient\4.5.3\httpclient-4.5.3.jar;C:\Users\ghsouma.MLIDDOMAIN1\.m2\repository\org\apache\httpcomponents\httpcore\4.4.6\httpcore-4.4.6.jar;C:\Users\ghsouma.MLIDDOMAIN1\.m2\repository\org\testng\testng\6.9.10\testng-6.9.10.jar;C:\Users\ghsouma.MLIDDOMAIN1\.m2\repository\com\beust\jcommander\1.48\jcommander-1.48.jar;C:\Users\ghsouma.MLIDDOMAIN1\.m2\repository\org\beanshell\bsh\2.0b4\bsh-2.0b4.jar;C:\Users\ghsouma.MLIDDOMAIN1\.m2\repository\log4j\log4j\1.2.17\log4j-1.2.17.jar;C:\Users\ghsouma.MLIDDOMAIN1\.m2\repository\commons-io\commons-io\1.4\commons-io-1.4.jar;C:\Users\ghsouma.MLIDDOMAIN1\.m2\repository\org\apache\poi\poi\4.1.2\poi-4.1.2.jar;C:\Users\ghsouma.MLIDDOMAIN1\.m2\repository\org\apache\commons\commons-collections4\4.4\commons-collections4-4.4.jar;C:\Users\ghsouma.MLIDDOMAIN1\.m2\repository\org\apache\commons\commons-math3\3.6.1\commons-math3-3.6.1.jar;C:\Users\ghsouma.MLIDDOMAIN1\.m2\repository\com\zaxxer\SparseBitSet\1.2\SparseBitSet-1.2.jar;C:\Users\ghsouma.MLIDDOMAIN1\.m2\repository\org\apache\poi\poi-ooxml\4.1.2\poi-ooxml-4.1.2.jar;C:\Users\ghsouma.MLIDDOMAIN1\.m2\repository\org\apache\poi\poi-ooxml-schemas\4.1.2\poi-ooxml-schemas-4.1.2.jar;C:\Users\ghsouma.MLIDDOMAIN1\.m2\repository\org\apache\xmlbeans\xmlbeans\3.1.0\xmlbeans-3.1.0.jar;C:\Users\ghsouma.MLIDDOMAIN1\.m2\repository\org\apache\commons\commons-compress\1.19\commons-compress-1.19.jar;C:\Users\ghsouma.MLIDDOMAIN1\.m2\repository\com\github\virtuald\curvesapi\1.06\curvesapi-1.06.jar;C:\Users\ghsouma.MLIDDOMAIN1\.m2\repository\com\aventstack\extentreports\5.0.6\extentreports-5.0.6.jar;C:\Users\ghsouma.MLIDDOMAIN1\.m2\repository\io\reactivex\rxjava3\rxjava\3.0.4\rxjava-3.0.4.jar;C:\Users\ghsouma.MLIDDOMAIN1\.m2\repository\org\reactivestreams\reactive-streams\1.0.3\reactive-streams-1.0.3.jar;C:\Users\ghsouma.MLIDDOMAIN1\.m2\repository\org\freemarker\freemarker\2.3.30\freemarker-2.3.30.jar;C:\Users\ghsouma.MLIDDOMAIN1\.m2\repository\org\projectlombok\lombok\1.18.12\lombok-1.18.12.jar;C:\Users\ghsouma.MLIDDOMAIN1\.m2\repository\org\mongodb\mongodb-driver\3.12.7\mongodb-driver-3.12.7.jar;C:\Users\ghsouma.MLIDDOMAIN1\.m2\repository\org\mongodb\bson\3.12.7\bson-3.12.7.jar;C:\Users\ghsouma.MLIDDOMAIN1\.m2\repository\org\mongodb\mongodb-driver-core\3.12.7\mongodb-driver-core-3.12.7.jar;C:\Users\ghsouma.MLIDDOMAIN1\.m2\repository\com\aventstack\klov-reporter\5.0.6\klov-reporter-5.0.6.jar;C:\Users\ghsouma.MLIDDOMAIN1\.m2\repository\org\apache\httpcomponents\httpmime\4.5.2\httpmime-4.5.2.jar;C:\Users\ghsouma.MLIDDOMAIN1\.m2\repository\com\fasterxml\jackson\core\jackson-core\2.9.8\jackson-core-2.9.8.jar;C:\Users\ghsouma.MLIDDOMAIN1\.m2\repository\com\fasterxml\jackson\core\jackson-annotations\2.11.1\jackson-annotations-2.11.1.jar;C:\Users\ghsouma.MLIDDOMAIN1\.m2\repository\com\fasterxml\jackson\core\jackson-databind\2.11.1\jackson-databind-2.11.1.jar;C:\Users\ghsouma.MLIDDOMAIN1\.m2\repository\grasshopper\extentreports-cucumber6-adapter-2.6.0.jar;C:\Users\ghsouma.MLIDDOMAIN1\.m2\repository\grasshopper\extent-pdf-report-1.5.0.jar;C:\Users\ghsouma.MLIDDOMAIN1\.m2\repository\io\cucumber\cucumber-picocontainer\6.8.1\cucumber-picocontainer-6.8.1.jar;C:\Users\ghsouma.MLIDDOMAIN1\.m2\repository\org\picocontainer\picocontainer\2.15\picocontainer-2.15.jar;"/>
    <property name="sun.cpu.endian" value="little"/>
    <property name="user.home" value="C:\Users\ghsouma.MLIDDOMAIN1"/>
    <property name="user.language" value="en"/>
    <property name="java.specification.vendor" value="Oracle Corporation"/>
    <property name="java.home" value="C:\jdk1.8.0_121\jre"/>
    <property name="basedir" value="C:\Eclipse Workspace\Workspace007\LTC-Digital-Storefront-QA-Dynamic"/>
    <property name="file.separator" value="\"/>
    <property name="line.separator" value="&#10;"/>
    <property name="java.vm.specification.vendor" value="Oracle Corporation"/>
    <property name="java.specification.name" value="Java Platform API Specification"/>
    <property name="java.awt.graphicsenv" value="sun.awt.Win32GraphicsEnvironment"/>
    <property name="surefire.real.class.path" value="C:\Users\ghsouma.MLIDDOMAIN1\AppData\Local\Temp\surefire3909859662458776306\surefirebooter7023499560681691803.jar"/>
    <property name="sun.boot.class.path" value="C:\jdk1.8.0_121\jre\lib\resources.jar;C:\jdk1.8.0_121\jre\lib\rt.jar;C:\jdk1.8.0_121\jre\lib\sunrsasign.jar;C:\jdk1.8.0_121\jre\lib\jsse.jar;C:\jdk1.8.0_121\jre\lib\jce.jar;C:\jdk1.8.0_121\jre\lib\charsets.jar;C:\jdk1.8.0_121\jre\lib\jfr.jar;C:\jdk1.8.0_121\jre\classes"/>
    <property name="user.script" value=""/>
    <property name="sun.management.compiler" value="HotSpot 64-Bit Tiered Compilers"/>
    <property name="java.runtime.version" value="1.8.0_121-b13"/>
    <property name="user.name" value="ghsouma"/>
    <property name="path.separator" value=";"/>
    <property name="os.version" value="10.0"/>
    <property name="java.endorsed.dirs" value="C:\jdk1.8.0_121\jre\lib\endorsed"/>
    <property name="java.runtime.name" value="Java(TM) SE Runtime Environment"/>
    <property name="file.encoding" value="Cp1252"/>
    <property name="java.vm.name" value="Java HotSpot(TM) 64-Bit Server VM"/>
    <property name="localRepository" value="C:\Users\ghsouma.MLIDDOMAIN1\.m2\repository"/>
    <property name="java.vendor.url.bug" value="http://bugreport.sun.com/bugreport/"/>
    <property name="java.io.tmpdir" value="C:\Users\GHSOUM~1.MLI\AppData\Local\Temp\"/>
    <property name="java.version" value="1.8.0_121"/>
    <property name="user.dir" value="C:\Eclipse Workspace\Workspace007\LTC-Digital-Storefront-QA-Dynamic"/>
    <property name="os.arch" value="amd64"/>
    <property name="java.vm.specification.name" value="Java Virtual Machine Specification"/>
    <property name="java.awt.printerjob" value="sun.awt.windows.WPrinterJob"/>
    <property name="sun.os.patch.level" value=""/>
    <property name="java.library.path" value="C:\jdk1.8.0_121\jre\bin;C:\WINDOWS\Sun\Java\bin;C:\WINDOWS\system32;C:\WINDOWS;C:/Program Files/Java/jre8/bin/server;C:/Program Files/Java/jre8/bin;C:/Program Files/Java/jre8/lib/amd64;C:\Program Files (x86)\Common Files\Oracle\Java\javapath;C:\Program Files\Common Files\Oracle\Java\javapath;c:\Informatica\10.4.0\clients\tools\datadirect;c:\Informatica\9.6.1\clients\tools\datadirect;C:\WINDOWS\system32;C:\WINDOWS;C:\WINDOWS\System32\Wbem;C:\WINDOWS\System32\WindowsPowerShell\v1.0\;C:\WINDOWS\System32\OpenSSH\;C:\Program Files (x86)\Plantronics\Spokes3G\;C:\Program Files\Citrix\System32\;C:\Program Files\Citrix\ICAService\;C:\Users\ghsouma.MLIDDOMAIN1\AppData\Local\Microsoft\WindowsApps;C:\jdk1.8.0_121\bin;;Z:\Soumavo\LTC_Claims\Desktop\eclipse-java-neon-3-win32-x86_64\eclipse;;."/>
    <property name="java.vm.info" value="mixed mode"/>
    <property name="java.vendor" value="Oracle Corporation"/>
    <property name="java.vm.version" value="25.121-b13"/>
    <property name="java.ext.dirs" value="C:\jdk1.8.0_121\jre\lib\ext;C:\WINDOWS\Sun\Java\lib\ext"/>
    <property name="sun.io.unicode.encoding" value="UnicodeLittle"/>
    <property name="java.class.version" value="52.0"/>
  </properties>
  <testcase name="runScenario[&quot;LTCDigitalStorefront_HomePage_Validation&quot;, &quot;Optional[Home feature of LTC Digital Storefront]&quot;](1)" classname="com.qa.ltcdigital.storefrontqadynamic.testrunner.TestRunner" time="56.819">
    <system-out><![CDATA[
@Home
Scenario Outline: LTCDigitalStorefront_HomePage_Validation                                  &amp#27;[90m# src/test/resources/featurefiles/HomePage.feature:19&amp#27;[0m
  &amp#27;[32mGiven &amp#27;[0m&amp#27;[32muser is on Login Page and user fills  &amp#27;[0m&amp#27;[32m&amp#27;[1m"R21InsuredHenry"&amp#27;[0m&amp#27;[32m value in the username field&amp#27;[0m &amp#27;[90m# com.qa.ltcdigital.storefrontqadynamic.stepdefintions.StepDefinition_LoginPage.user_is_on_login_page_and_user_fills_value_in_the_username_field(java.lang.String)&amp#27;[0m
  &amp#27;[32mThen &amp#27;[0m&amp#27;[32muser fills &amp#27;[0m&amp#27;[32m&amp#27;[1m"Temp@#123"&amp#27;[0m&amp#27;[32m value in the password field&amp#27;[0m                                   &amp#27;[90m# com.qa.ltcdigital.storefrontqadynamic.stepdefintions.StepDefinition_LoginPage.user_fills_value_in_the_password_field(java.lang.String)&amp#27;[0m
  &amp#27;[32mAnd &amp#27;[0m&amp#27;[32muser clicks login button&amp#27;[0m                                                              &amp#27;[90m# com.qa.ltcdigital.storefrontqadynamic.stepdefintions.StepDefinition_LoginPage.user_clicks_login_button()&amp#27;[0m
  &amp#27;[32mThen &amp#27;[0m&amp#27;[32muser lands on Home page and sees &amp#27;[0m&amp#27;[32m&amp#27;[1m"10000106"&amp#27;[0m                                          &amp#27;[90m# com.qa.ltcdigital.storefrontqadynamic.stepdefintions.StepDefinition_HomePage.user_lands_on_home_page_and_sees(java.lang.String)&amp#27;[0m
  &amp#27;[32mAnd &amp#27;[0m&amp#27;[32muser sees &amp#27;[0m&amp#27;[32m&amp#27;[1m"PRODUCT"&amp#27;[0m&amp#27;[32m field as expected&amp#27;[0m                                                 &amp#27;[90m# com.qa.ltcdigital.storefrontqadynamic.stepdefintions.StepDefinition_HomePage.user_sees_field_as_expected(java.lang.String)&amp#27;[0m
  &amp#27;[32mAnd &amp#27;[0m&amp#27;[32muser sees &amp#27;[0m&amp#27;[32m&amp#27;[1m"POLICY_STATUS"&amp#27;[0m&amp#27;[32m field as expected&amp#27;[0m                                           &amp#27;[90m# com.qa.ltcdigital.storefrontqadynamic.stepdefintions.StepDefinition_HomePage.user_sees_field_as_expected(java.lang.String)&amp#27;[0m
  &amp#27;[32mAnd &amp#27;[0m&amp#27;[32muser sees &amp#27;[0m&amp#27;[32m&amp#27;[1m"CLIENT_NAME"&amp#27;[0m&amp#27;[32m field as expected&amp#27;[0m                                             &amp#27;[90m# com.qa.ltcdigital.storefrontqadynamic.stepdefintions.StepDefinition_HomePage.user_sees_field_as_expected(java.lang.String)&amp#27;[0m
  &amp#27;[32mThen &amp#27;[0m&amp#27;[32muser sees and clicks on &amp#27;[0m&amp#27;[32m&amp#27;[1m"R15Insured_Henry R15Insured_Nicholls"&amp#27;[0m                       &amp#27;[90m# com.qa.ltcdigital.storefrontqadynamic.stepdefintions.StepDefinition_HomePage.user_sees_and_clicks_on(java.lang.String)&amp#27;[0m
  &amp#27;[32mThen &amp#27;[0m&amp#27;[32muser sees &amp#27;[0m&amp#27;[32m&amp#27;[1m"Preferences"&amp#27;[0m&amp#27;[32m in the dropdown and selects it&amp#27;[0m                               &amp#27;[90m# com.qa.ltcdigital.storefrontqadynamic.stepdefintions.StepDefinition_HomePage.user_sees_in_the_dropdown_and_selects_it(java.lang.String)&amp#27;[0m
  &amp#27;[32mAnd &amp#27;[0m&amp#27;[32muser clicks logout button on Preferences Page&amp#27;[0m                                         &amp#27;[90m# com.qa.ltcdigital.storefrontqadynamic.stepdefintions.StepDefinition_HomePage.user_clicks_logout_button_on_preferences_page()&amp#27;[0m
]]></system-out>
    <system-err><![CDATA[log4j:ERROR Could not find value for key log4j.appender.console
log4j:ERROR Could not instantiate appender named "console".
Starting ChromeDriver 2.38.552522 (437e6fbedfa8762dec75e2c5b3ddb86763dc9dcb) on port 30169
Only local connections are allowed.
Jan 27, 2021 11:28:29 PM org.openqa.selenium.remote.ProtocolHandshake createSession
INFO: Detected dialect: OSS
]]></system-err>
  </testcase>
</testsuite>